Sat Jun 09 2018 21:30:39 GMT+0530 (India Standard Time): GET /about
Sat Jun 09 2018 21:36:57 GMT+0530 (India Standard Time): GET /about
Sat Jun 09 2018 21:37:14 GMT+0530 (India Standard Time): GET /about
Sat Jun 09 2018 21:38:22 GMT+0530 (India Standard Time): GET /about
Sat Jun 09 2018 21:38:24 GMT+0530 (India Standard Time): GET /
Sat Jun 09 2018 21:38:41 GMT+0530 (India Standard Time): GET /
Sat Jun 09 2018 21:38:44 GMT+0530 (India Standard Time): GET /
Sat Jun 09 2018 21:38:48 GMT+0530 (India Standard Time): GET /about
Sat Jun 09 2018 21:38:48 GMT+0530 (India Standard Time): GET /about
Sat Jun 09 2018 21:38:50 GMT+0530 (India Standard Time): GET /about
Sat Jun 09 2018 21:38:51 GMT+0530 (India Standard Time): GET /about
Sat Jun 09 2018 21:38:52 GMT+0530 (India Standard Time): GET /about
Sat Jun 09 2018 21:38:53 GMT+0530 (India Standard Time): GET /about
Sat Jun 09 2018 21:38:56 GMT+0530 (India Standard Time): GET /about
Sat Jun 09 2018 21:38:57 GMT+0530 (India Standard Time): GET /about
Sat Jun 09 2018 21:38:58 GMT+0530 (India Standard Time): GET /about
Sat Jun 09 2018 21:39:12 GMT+0530 (India Standard Time): GET /about
Sat Jun 09 2018 21:39:14 GMT+0530 (India Standard Time): GET /about
Sat Jun 09 2018 21:39:14 GMT+0530 (India Standard Time): GET /about
Sat Jun 09 2018 21:39:16 GMT+0530 (India Standard Time): GET /about
Sat Jun 09 2018 21:39:25 GMT+0530 (India Standard Time): GET /about
Sat Jun 09 2018 21:41:59 GMT+0530 (India Standard Time): GET /help
Sat Jun 09 2018 21:43:19 GMT+0530 (India Standard Time): GET /help.html
Sat Jun 09 2018 21:43:37 GMT+0530 (India Standard Time): GET /help.html
Sun Jun 10 2018 13:17:00 GMT+0530 (India Standard Time): GET /
Sun Jun 10 2018 13:17:00 GMT+0530 (India Standard Time): GET /favicon.ico
Sun Jun 10 2018 13:17:00 GMT+0530 (India Standard Time): GET /favicon.ico
Sun Jun 10 2018 13:17:05 GMT+0530 (India Standard Time): GET /about
